[2021-12-13T21:22:18.600] [ERROR] error - ***数据库连接失败***
[2021-12-13T21:34:06.392] [ERROR] error - TypeError: Cannot read property 'body' of undefined
    at Object.<anonymous> (/Users/shaoshaoman/个人项目/个人项目/blog/routes/v1/users.js:12:28)
    at Object.<anonymous> (/Users/shaoshaoman/个人项目/个人项目/blog/node_modules/koa-router/lib/router.js:700:16)
    at Generator.next (<anonymous>)
    at Object.allowedMethods (/Users/shaoshaoman/个人项目/个人项目/blog/node_modules/koa-router/lib/router.js:369:5)
    at allowedMethods.next (<anonymous>)
    at Object.dispatch (/Users/shaoshaoman/个人项目/个人项目/blog/node_modules/koa-router/lib/router.js:334:5)
    at dispatch.next (<anonymous>)
    at onFulfilled (/Users/shaoshaoman/个人项目/个人项目/blog/node_modules/co/index.js:65:19)
    at /Users/shaoshaoman/个人项目/个人项目/blog/node_modules/co/index.js:54:5
    at new Promise (<anonymous>)
    at Object.co (/Users/shaoshaoman/个人项目/个人项目/blog/node_modules/co/index.js:50:10)
    at converted (/Users/shaoshaoman/个人项目/个人项目/blog/node_modules/koa-convert/index.js:38:15)
    at dispatch (/Users/shaoshaoman/个人项目/个人项目/blog/node_modules/koa-compose/index.js:42:32)
    at /Users/shaoshaoman/个人项目/个人项目/blog/node_modules/koa-convert/index.js:42:43
    at Generator.next (<anonymous>)
    at Object.serve (/Users/shaoshaoman/个人项目/个人项目/blog/node_modules/koa-static/index.js:43:7)
[2021-12-13T21:51:32.255] [ERROR] error - TypeError: Cannot read property 'body' of undefined
    at Object.<anonymous> (/Users/shaoshaoman/个人项目/个人项目/blog/routes/v1/users.js:13:28)
    at Object.<anonymous> (/Users/shaoshaoman/个人项目/个人项目/blog/node_modules/koa-router/lib/router.js:700:16)
    at Generator.next (<anonymous>)
    at Object.allowedMethods (/Users/shaoshaoman/个人项目/个人项目/blog/node_modules/koa-router/lib/router.js:369:5)
    at allowedMethods.next (<anonymous>)
    at Object.dispatch (/Users/shaoshaoman/个人项目/个人项目/blog/node_modules/koa-router/lib/router.js:334:5)
    at dispatch.next (<anonymous>)
    at onFulfilled (/Users/shaoshaoman/个人项目/个人项目/blog/node_modules/co/index.js:65:19)
    at /Users/shaoshaoman/个人项目/个人项目/blog/node_modules/co/index.js:54:5
    at new Promise (<anonymous>)
    at Object.co (/Users/shaoshaoman/个人项目/个人项目/blog/node_modules/co/index.js:50:10)
    at converted (/Users/shaoshaoman/个人项目/个人项目/blog/node_modules/koa-convert/index.js:38:15)
    at dispatch (/Users/shaoshaoman/个人项目/个人项目/blog/node_modules/koa-compose/index.js:42:32)
    at /Users/shaoshaoman/个人项目/个人项目/blog/node_modules/koa-convert/index.js:42:43
    at Generator.next (<anonymous>)
    at Object.serve (/Users/shaoshaoman/个人项目/个人项目/blog/node_modules/koa-static/index.js:43:7)
[2021-12-13T21:51:52.457] [ERROR] error - TypeError: Cannot read property 'body' of undefined
    at Object.<anonymous> (/Users/shaoshaoman/个人项目/个人项目/blog/routes/v1/users.js:13:28)
    at Object.<anonymous> (/Users/shaoshaoman/个人项目/个人项目/blog/node_modules/koa-router/lib/router.js:700:16)
    at Generator.next (<anonymous>)
    at Object.allowedMethods (/Users/shaoshaoman/个人项目/个人项目/blog/node_modules/koa-router/lib/router.js:369:5)
    at allowedMethods.next (<anonymous>)
    at Object.dispatch (/Users/shaoshaoman/个人项目/个人项目/blog/node_modules/koa-router/lib/router.js:334:5)
    at dispatch.next (<anonymous>)
    at onFulfilled (/Users/shaoshaoman/个人项目/个人项目/blog/node_modules/co/index.js:65:19)
    at /Users/shaoshaoman/个人项目/个人项目/blog/node_modules/co/index.js:54:5
    at new Promise (<anonymous>)
    at Object.co (/Users/shaoshaoman/个人项目/个人项目/blog/node_modules/co/index.js:50:10)
    at converted (/Users/shaoshaoman/个人项目/个人项目/blog/node_modules/koa-convert/index.js:38:15)
    at dispatch (/Users/shaoshaoman/个人项目/个人项目/blog/node_modules/koa-compose/index.js:42:32)
    at /Users/shaoshaoman/个人项目/个人项目/blog/node_modules/koa-convert/index.js:42:43
    at Generator.next (<anonymous>)
    at Object.serve (/Users/shaoshaoman/个人项目/个人项目/blog/node_modules/koa-static/index.js:43:7)
[2021-12-13T21:52:26.712] [ERROR] error - TypeError: Cannot read property 'body' of undefined
    at Object.<anonymous> (/Users/shaoshaoman/个人项目/个人项目/blog/routes/v1/users.js:13:28)
    at Object.<anonymous> (/Users/shaoshaoman/个人项目/个人项目/blog/node_modules/koa-router/lib/router.js:700:16)
    at Generator.next (<anonymous>)
    at Object.allowedMethods (/Users/shaoshaoman/个人项目/个人项目/blog/node_modules/koa-router/lib/router.js:369:5)
    at allowedMethods.next (<anonymous>)
    at Object.dispatch (/Users/shaoshaoman/个人项目/个人项目/blog/node_modules/koa-router/lib/router.js:334:5)
    at dispatch.next (<anonymous>)
    at onFulfilled (/Users/shaoshaoman/个人项目/个人项目/blog/node_modules/co/index.js:65:19)
    at /Users/shaoshaoman/个人项目/个人项目/blog/node_modules/co/index.js:54:5
    at new Promise (<anonymous>)
    at Object.co (/Users/shaoshaoman/个人项目/个人项目/blog/node_modules/co/index.js:50:10)
    at converted (/Users/shaoshaoman/个人项目/个人项目/blog/node_modules/koa-convert/index.js:38:15)
    at dispatch (/Users/shaoshaoman/个人项目/个人项目/blog/node_modules/koa-compose/index.js:42:32)
    at /Users/shaoshaoman/个人项目/个人项目/blog/node_modules/koa-convert/index.js:42:43
    at Generator.next (<anonymous>)
    at Object.serve (/Users/shaoshaoman/个人项目/个人项目/blog/node_modules/koa-static/index.js:43:7)
[2021-12-13T21:52:48.728] [ERROR] error - TypeError: Cannot read property 'body' of undefined
    at Object.<anonymous> (/Users/shaoshaoman/个人项目/个人项目/blog/routes/v1/users.js:14:28)
    at Object.<anonymous> (/Users/shaoshaoman/个人项目/个人项目/blog/node_modules/koa-router/lib/router.js:700:16)
    at Generator.next (<anonymous>)
    at Object.allowedMethods (/Users/shaoshaoman/个人项目/个人项目/blog/node_modules/koa-router/lib/router.js:369:5)
    at allowedMethods.next (<anonymous>)
    at Object.dispatch (/Users/shaoshaoman/个人项目/个人项目/blog/node_modules/koa-router/lib/router.js:334:5)
    at dispatch.next (<anonymous>)
    at onFulfilled (/Users/shaoshaoman/个人项目/个人项目/blog/node_modules/co/index.js:65:19)
    at /Users/shaoshaoman/个人项目/个人项目/blog/node_modules/co/index.js:54:5
    at new Promise (<anonymous>)
    at Object.co (/Users/shaoshaoman/个人项目/个人项目/blog/node_modules/co/index.js:50:10)
    at converted (/Users/shaoshaoman/个人项目/个人项目/blog/node_modules/koa-convert/index.js:38:15)
    at dispatch (/Users/shaoshaoman/个人项目/个人项目/blog/node_modules/koa-compose/index.js:42:32)
    at /Users/shaoshaoman/个人项目/个人项目/blog/node_modules/koa-convert/index.js:42:43
    at Generator.next (<anonymous>)
    at Object.serve (/Users/shaoshaoman/个人项目/个人项目/blog/node_modules/koa-static/index.js:43:7)
[2021-12-13T21:53:20.448] [ERROR] error - TypeError: Cannot read property 'body' of undefined
    at Object.<anonymous> (/Users/shaoshaoman/个人项目/个人项目/blog/routes/v1/users.js:14:28)
    at Object.<anonymous> (/Users/shaoshaoman/个人项目/个人项目/blog/node_modules/koa-router/lib/router.js:700:16)
    at Generator.next (<anonymous>)
    at Object.allowedMethods (/Users/shaoshaoman/个人项目/个人项目/blog/node_modules/koa-router/lib/router.js:369:5)
    at allowedMethods.next (<anonymous>)
    at Object.dispatch (/Users/shaoshaoman/个人项目/个人项目/blog/node_modules/koa-router/lib/router.js:334:5)
    at dispatch.next (<anonymous>)
    at onFulfilled (/Users/shaoshaoman/个人项目/个人项目/blog/node_modules/co/index.js:65:19)
    at /Users/shaoshaoman/个人项目/个人项目/blog/node_modules/co/index.js:54:5
    at new Promise (<anonymous>)
    at Object.co (/Users/shaoshaoman/个人项目/个人项目/blog/node_modules/co/index.js:50:10)
    at converted (/Users/shaoshaoman/个人项目/个人项目/blog/node_modules/koa-convert/index.js:38:15)
    at dispatch (/Users/shaoshaoman/个人项目/个人项目/blog/node_modules/koa-compose/index.js:42:32)
    at /Users/shaoshaoman/个人项目/个人项目/blog/node_modules/koa-convert/index.js:42:43
    at Generator.next (<anonymous>)
    at Object.serve (/Users/shaoshaoman/个人项目/个人项目/blog/node_modules/koa-static/index.js:43:7)
[2021-12-13T21:53:44.234] [ERROR] error - TypeError: Cannot read property 'body' of undefined
    at Object.<anonymous> (/Users/shaoshaoman/个人项目/个人项目/blog/routes/v1/users.js:13:29)
    at Object.<anonymous> (/Users/shaoshaoman/个人项目/个人项目/blog/node_modules/koa-router/lib/router.js:700:16)
    at Generator.next (<anonymous>)
    at Object.allowedMethods (/Users/shaoshaoman/个人项目/个人项目/blog/node_modules/koa-router/lib/router.js:369:5)
    at allowedMethods.next (<anonymous>)
    at Object.dispatch (/Users/shaoshaoman/个人项目/个人项目/blog/node_modules/koa-router/lib/router.js:334:5)
    at dispatch.next (<anonymous>)
    at onFulfilled (/Users/shaoshaoman/个人项目/个人项目/blog/node_modules/co/index.js:65:19)
    at /Users/shaoshaoman/个人项目/个人项目/blog/node_modules/co/index.js:54:5
    at new Promise (<anonymous>)
    at Object.co (/Users/shaoshaoman/个人项目/个人项目/blog/node_modules/co/index.js:50:10)
    at converted (/Users/shaoshaoman/个人项目/个人项目/blog/node_modules/koa-convert/index.js:38:15)
    at dispatch (/Users/shaoshaoman/个人项目/个人项目/blog/node_modules/koa-compose/index.js:42:32)
    at /Users/shaoshaoman/个人项目/个人项目/blog/node_modules/koa-convert/index.js:42:43
    at Generator.next (<anonymous>)
    at Object.serve (/Users/shaoshaoman/个人项目/个人项目/blog/node_modules/koa-static/index.js:43:7)
[2021-12-13T21:54:31.142] [ERROR] error - TypeError: Cannot read property 'body' of undefined
    at Object.<anonymous> (/Users/shaoshaoman/个人项目/个人项目/blog/routes/v1/users.js:16:28)
    at Object.<anonymous> (/Users/shaoshaoman/个人项目/个人项目/blog/node_modules/koa-router/lib/router.js:700:16)
    at Generator.next (<anonymous>)
    at Object.allowedMethods (/Users/shaoshaoman/个人项目/个人项目/blog/node_modules/koa-router/lib/router.js:369:5)
    at allowedMethods.next (<anonymous>)
    at Object.dispatch (/Users/shaoshaoman/个人项目/个人项目/blog/node_modules/koa-router/lib/router.js:334:5)
    at dispatch.next (<anonymous>)
    at onFulfilled (/Users/shaoshaoman/个人项目/个人项目/blog/node_modules/co/index.js:65:19)
    at /Users/shaoshaoman/个人项目/个人项目/blog/node_modules/co/index.js:54:5
    at new Promise (<anonymous>)
    at Object.co (/Users/shaoshaoman/个人项目/个人项目/blog/node_modules/co/index.js:50:10)
    at converted (/Users/shaoshaoman/个人项目/个人项目/blog/node_modules/koa-convert/index.js:38:15)
    at dispatch (/Users/shaoshaoman/个人项目/个人项目/blog/node_modules/koa-compose/index.js:42:32)
    at /Users/shaoshaoman/个人项目/个人项目/blog/node_modules/koa-convert/index.js:42:43
    at Generator.next (<anonymous>)
    at Object.serve (/Users/shaoshaoman/个人项目/个人项目/blog/node_modules/koa-static/index.js:43:7)
[2021-12-13T21:55:14.297] [ERROR] error - TypeError: Cannot read property 'body' of undefined
    at Object.<anonymous> (/Users/shaoshaoman/个人项目/个人项目/blog/routes/v1/users.js:13:29)
    at Object.<anonymous> (/Users/shaoshaoman/个人项目/个人项目/blog/node_modules/koa-router/lib/router.js:700:16)
    at Generator.next (<anonymous>)
    at Object.allowedMethods (/Users/shaoshaoman/个人项目/个人项目/blog/node_modules/koa-router/lib/router.js:369:5)
    at allowedMethods.next (<anonymous>)
    at Object.dispatch (/Users/shaoshaoman/个人项目/个人项目/blog/node_modules/koa-router/lib/router.js:334:5)
    at dispatch.next (<anonymous>)
    at onFulfilled (/Users/shaoshaoman/个人项目/个人项目/blog/node_modules/co/index.js:65:19)
    at /Users/shaoshaoman/个人项目/个人项目/blog/node_modules/co/index.js:54:5
    at new Promise (<anonymous>)
    at Object.co (/Users/shaoshaoman/个人项目/个人项目/blog/node_modules/co/index.js:50:10)
    at converted (/Users/shaoshaoman/个人项目/个人项目/blog/node_modules/koa-convert/index.js:38:15)
    at dispatch (/Users/shaoshaoman/个人项目/个人项目/blog/node_modules/koa-compose/index.js:42:32)
    at /Users/shaoshaoman/个人项目/个人项目/blog/node_modules/koa-convert/index.js:42:43
    at Generator.next (<anonymous>)
    at Object.serve (/Users/shaoshaoman/个人项目/个人项目/blog/node_modules/koa-static/index.js:43:7)
[2021-12-13T21:56:29.371] [ERROR] error - TypeError: Cannot read property 'body' of undefined
    at Object.<anonymous> (/Users/shaoshaoman/个人项目/个人项目/blog/routes/v1/users.js:15:34)
    at Object.<anonymous> (/Users/shaoshaoman/个人项目/个人项目/blog/node_modules/koa-router/lib/router.js:700:16)
    at Generator.next (<anonymous>)
    at Object.allowedMethods (/Users/shaoshaoman/个人项目/个人项目/blog/node_modules/koa-router/lib/router.js:369:5)
    at allowedMethods.next (<anonymous>)
    at Object.dispatch (/Users/shaoshaoman/个人项目/个人项目/blog/node_modules/koa-router/lib/router.js:334:5)
    at dispatch.next (<anonymous>)
    at onFulfilled (/Users/shaoshaoman/个人项目/个人项目/blog/node_modules/co/index.js:65:19)
    at /Users/shaoshaoman/个人项目/个人项目/blog/node_modules/co/index.js:54:5
    at new Promise (<anonymous>)
    at Object.co (/Users/shaoshaoman/个人项目/个人项目/blog/node_modules/co/index.js:50:10)
    at converted (/Users/shaoshaoman/个人项目/个人项目/blog/node_modules/koa-convert/index.js:38:15)
    at dispatch (/Users/shaoshaoman/个人项目/个人项目/blog/node_modules/koa-compose/index.js:42:32)
    at /Users/shaoshaoman/个人项目/个人项目/blog/node_modules/koa-convert/index.js:42:43
    at Generator.next (<anonymous>)
    at Object.serve (/Users/shaoshaoman/个人项目/个人项目/blog/node_modules/koa-static/index.js:43:7)
[2021-12-13T21:56:51.002] [ERROR] error - TypeError: Cannot read property 'body' of undefined
    at Object.<anonymous> (/Users/shaoshaoman/个人项目/个人项目/blog/routes/v1/users.js:15:34)
    at Object.<anonymous> (/Users/shaoshaoman/个人项目/个人项目/blog/node_modules/koa-router/lib/router.js:700:16)
    at Generator.next (<anonymous>)
    at Object.allowedMethods (/Users/shaoshaoman/个人项目/个人项目/blog/node_modules/koa-router/lib/router.js:369:5)
    at allowedMethods.next (<anonymous>)
    at Object.dispatch (/Users/shaoshaoman/个人项目/个人项目/blog/node_modules/koa-router/lib/router.js:334:5)
    at dispatch.next (<anonymous>)
    at onFulfilled (/Users/shaoshaoman/个人项目/个人项目/blog/node_modules/co/index.js:65:19)
    at /Users/shaoshaoman/个人项目/个人项目/blog/node_modules/co/index.js:54:5
    at new Promise (<anonymous>)
    at Object.co (/Users/shaoshaoman/个人项目/个人项目/blog/node_modules/co/index.js:50:10)
    at converted (/Users/shaoshaoman/个人项目/个人项目/blog/node_modules/koa-convert/index.js:38:15)
    at dispatch (/Users/shaoshaoman/个人项目/个人项目/blog/node_modules/koa-compose/index.js:42:32)
    at /Users/shaoshaoman/个人项目/个人项目/blog/node_modules/koa-convert/index.js:42:43
    at Generator.next (<anonymous>)
    at Object.serve (/Users/shaoshaoman/个人项目/个人项目/blog/node_modules/koa-static/index.js:43:7)
[2021-12-13T21:57:05.907] [ERROR] error - TypeError: Cannot read property 'body' of undefined
    at Object.<anonymous> (/Users/shaoshaoman/个人项目/个人项目/blog/routes/v1/users.js:15:34)
    at Object.<anonymous> (/Users/shaoshaoman/个人项目/个人项目/blog/node_modules/koa-router/lib/router.js:700:16)
    at Generator.next (<anonymous>)
    at Object.allowedMethods (/Users/shaoshaoman/个人项目/个人项目/blog/node_modules/koa-router/lib/router.js:369:5)
    at allowedMethods.next (<anonymous>)
    at Object.dispatch (/Users/shaoshaoman/个人项目/个人项目/blog/node_modules/koa-router/lib/router.js:334:5)
    at dispatch.next (<anonymous>)
    at onFulfilled (/Users/shaoshaoman/个人项目/个人项目/blog/node_modules/co/index.js:65:19)
    at /Users/shaoshaoman/个人项目/个人项目/blog/node_modules/co/index.js:54:5
    at new Promise (<anonymous>)
    at Object.co (/Users/shaoshaoman/个人项目/个人项目/blog/node_modules/co/index.js:50:10)
    at converted (/Users/shaoshaoman/个人项目/个人项目/blog/node_modules/koa-convert/index.js:38:15)
    at dispatch (/Users/shaoshaoman/个人项目/个人项目/blog/node_modules/koa-compose/index.js:42:32)
    at /Users/shaoshaoman/个人项目/个人项目/blog/node_modules/koa-convert/index.js:42:43
    at Generator.next (<anonymous>)
    at Object.serve (/Users/shaoshaoman/个人项目/个人项目/blog/node_modules/koa-static/index.js:43:7)
[2021-12-13T21:57:20.955] [ERROR] error - TypeError: Cannot read property 'body' of undefined
    at Object.<anonymous> (/Users/shaoshaoman/个人项目/个人项目/blog/routes/v1/users.js:15:34)
    at Object.<anonymous> (/Users/shaoshaoman/个人项目/个人项目/blog/node_modules/koa-router/lib/router.js:700:16)
    at Generator.next (<anonymous>)
    at Object.allowedMethods (/Users/shaoshaoman/个人项目/个人项目/blog/node_modules/koa-router/lib/router.js:369:5)
    at allowedMethods.next (<anonymous>)
    at Object.dispatch (/Users/shaoshaoman/个人项目/个人项目/blog/node_modules/koa-router/lib/router.js:334:5)
    at dispatch.next (<anonymous>)
    at onFulfilled (/Users/shaoshaoman/个人项目/个人项目/blog/node_modules/co/index.js:65:19)
    at /Users/shaoshaoman/个人项目/个人项目/blog/node_modules/co/index.js:54:5
    at new Promise (<anonymous>)
    at Object.co (/Users/shaoshaoman/个人项目/个人项目/blog/node_modules/co/index.js:50:10)
    at converted (/Users/shaoshaoman/个人项目/个人项目/blog/node_modules/koa-convert/index.js:38:15)
    at dispatch (/Users/shaoshaoman/个人项目/个人项目/blog/node_modules/koa-compose/index.js:42:32)
    at /Users/shaoshaoman/个人项目/个人项目/blog/node_modules/koa-convert/index.js:42:43
    at Generator.next (<anonymous>)
    at Object.serve (/Users/shaoshaoman/个人项目/个人项目/blog/node_modules/koa-static/index.js:43:7)
[2021-12-13T21:57:25.681] [ERROR] error - TypeError: Cannot read property 'body' of undefined
    at Object.<anonymous> (/Users/shaoshaoman/个人项目/个人项目/blog/routes/v1/users.js:15:34)
    at Object.<anonymous> (/Users/shaoshaoman/个人项目/个人项目/blog/node_modules/koa-router/lib/router.js:700:16)
    at Generator.next (<anonymous>)
    at Object.allowedMethods (/Users/shaoshaoman/个人项目/个人项目/blog/node_modules/koa-router/lib/router.js:369:5)
    at allowedMethods.next (<anonymous>)
    at Object.dispatch (/Users/shaoshaoman/个人项目/个人项目/blog/node_modules/koa-router/lib/router.js:334:5)
    at dispatch.next (<anonymous>)
    at onFulfilled (/Users/shaoshaoman/个人项目/个人项目/blog/node_modules/co/index.js:65:19)
    at /Users/shaoshaoman/个人项目/个人项目/blog/node_modules/co/index.js:54:5
    at new Promise (<anonymous>)
    at Object.co (/Users/shaoshaoman/个人项目/个人项目/blog/node_modules/co/index.js:50:10)
    at converted (/Users/shaoshaoman/个人项目/个人项目/blog/node_modules/koa-convert/index.js:38:15)
    at dispatch (/Users/shaoshaoman/个人项目/个人项目/blog/node_modules/koa-compose/index.js:42:32)
    at /Users/shaoshaoman/个人项目/个人项目/blog/node_modules/koa-convert/index.js:42:43
    at Generator.next (<anonymous>)
    at Object.serve (/Users/shaoshaoman/个人项目/个人项目/blog/node_modules/koa-static/index.js:43:7)
[2021-12-13T21:57:33.548] [ERROR] error - TypeError: Cannot read property 'body' of undefined
    at Object.<anonymous> (/Users/shaoshaoman/个人项目/个人项目/blog/routes/v1/users.js:15:34)
    at Object.<anonymous> (/Users/shaoshaoman/个人项目/个人项目/blog/node_modules/koa-router/lib/router.js:700:16)
    at Generator.next (<anonymous>)
    at Object.allowedMethods (/Users/shaoshaoman/个人项目/个人项目/blog/node_modules/koa-router/lib/router.js:369:5)
    at allowedMethods.next (<anonymous>)
    at Object.dispatch (/Users/shaoshaoman/个人项目/个人项目/blog/node_modules/koa-router/lib/router.js:334:5)
    at dispatch.next (<anonymous>)
    at onFulfilled (/Users/shaoshaoman/个人项目/个人项目/blog/node_modules/co/index.js:65:19)
    at /Users/shaoshaoman/个人项目/个人项目/blog/node_modules/co/index.js:54:5
    at new Promise (<anonymous>)
    at Object.co (/Users/shaoshaoman/个人项目/个人项目/blog/node_modules/co/index.js:50:10)
    at converted (/Users/shaoshaoman/个人项目/个人项目/blog/node_modules/koa-convert/index.js:38:15)
    at dispatch (/Users/shaoshaoman/个人项目/个人项目/blog/node_modules/koa-compose/index.js:42:32)
    at /Users/shaoshaoman/个人项目/个人项目/blog/node_modules/koa-convert/index.js:42:43
    at Generator.next (<anonymous>)
    at Object.serve (/Users/shaoshaoman/个人项目/个人项目/blog/node_modules/koa-static/index.js:43:7)
[2021-12-13T21:57:45.890] [ERROR] error - TypeError: Cannot read property 'body' of undefined
    at Object.<anonymous> (/Users/shaoshaoman/个人项目/个人项目/blog/routes/v1/users.js:15:34)
    at Object.<anonymous> (/Users/shaoshaoman/个人项目/个人项目/blog/node_modules/koa-router/lib/router.js:700:16)
    at Generator.next (<anonymous>)
    at Object.allowedMethods (/Users/shaoshaoman/个人项目/个人项目/blog/node_modules/koa-router/lib/router.js:369:5)
    at allowedMethods.next (<anonymous>)
    at Object.dispatch (/Users/shaoshaoman/个人项目/个人项目/blog/node_modules/koa-router/lib/router.js:334:5)
    at dispatch.next (<anonymous>)
    at onFulfilled (/Users/shaoshaoman/个人项目/个人项目/blog/node_modules/co/index.js:65:19)
    at /Users/shaoshaoman/个人项目/个人项目/blog/node_modules/co/index.js:54:5
    at new Promise (<anonymous>)
    at Object.co (/Users/shaoshaoman/个人项目/个人项目/blog/node_modules/co/index.js:50:10)
    at converted (/Users/shaoshaoman/个人项目/个人项目/blog/node_modules/koa-convert/index.js:38:15)
    at dispatch (/Users/shaoshaoman/个人项目/个人项目/blog/node_modules/koa-compose/index.js:42:32)
    at /Users/shaoshaoman/个人项目/个人项目/blog/node_modules/koa-convert/index.js:42:43
    at Generator.next (<anonymous>)
    at Object.serve (/Users/shaoshaoman/个人项目/个人项目/blog/node_modules/koa-static/index.js:43:7)
[2021-12-13T21:57:56.755] [ERROR] error - TypeError: Cannot read property 'body' of undefined
    at Object.<anonymous> (/Users/shaoshaoman/个人项目/个人项目/blog/routes/v1/users.js:15:28)
    at processTicksAndRejections (internal/process/task_queues.js:93:5)
[2021-12-13T21:58:33.544] [ERROR] error - TypeError: Cannot read property 'body' of undefined
    at Object.<anonymous> (/Users/shaoshaoman/个人项目/个人项目/blog/routes/v1/users.js:13:28)
    at Object.<anonymous> (/Users/shaoshaoman/个人项目/个人项目/blog/node_modules/koa-router/lib/router.js:700:16)
    at Generator.next (<anonymous>)
    at Object.allowedMethods (/Users/shaoshaoman/个人项目/个人项目/blog/node_modules/koa-router/lib/router.js:369:5)
    at allowedMethods.next (<anonymous>)
    at Object.dispatch (/Users/shaoshaoman/个人项目/个人项目/blog/node_modules/koa-router/lib/router.js:334:5)
    at dispatch.next (<anonymous>)
    at onFulfilled (/Users/shaoshaoman/个人项目/个人项目/blog/node_modules/co/index.js:65:19)
    at /Users/shaoshaoman/个人项目/个人项目/blog/node_modules/co/index.js:54:5
    at new Promise (<anonymous>)
    at Object.co (/Users/shaoshaoman/个人项目/个人项目/blog/node_modules/co/index.js:50:10)
    at converted (/Users/shaoshaoman/个人项目/个人项目/blog/node_modules/koa-convert/index.js:38:15)
    at dispatch (/Users/shaoshaoman/个人项目/个人项目/blog/node_modules/koa-compose/index.js:42:32)
    at /Users/shaoshaoman/个人项目/个人项目/blog/node_modules/koa-convert/index.js:42:43
    at Generator.next (<anonymous>)
    at Object.serve (/Users/shaoshaoman/个人项目/个人项目/blog/node_modules/koa-static/index.js:43:7)
